[2025-09-22T00:49:44.133+0000] {manager.py:487} INFO - Processing files using up to 2 processes at a time 
[2025-09-22T00:49:44.134+0000] {manager.py:488} INFO - Process each file at most once every 30 seconds
[2025-09-22T00:49:44.134+0000] {manager.py:489} INFO - Checking for new files in /opt/airflow/dags every 300 seconds
[2025-09-22T00:49:44.135+0000] {manager.py:755} INFO - Searching for files in /opt/airflow/dags
[2025-09-22T00:49:44.137+0000] {manager.py:758} INFO - There are 1 files in /opt/airflow/dags
[2025-09-22T00:49:44.289+0000] {manager.py:887} INFO - 
================================================================================
DAG File Processing Stats

File Path                          PID  Runtime      # DAGs    # Errors  Last Runtime    Last Run
-------------------------------  -----  ---------  --------  ----------  --------------  ----------
/opt/airflow/dags/reddit_dag.py     29  0.07s             0           0
================================================================================
[2025-09-22T00:50:14.466+0000] {manager.py:887} INFO - 
================================================================================
DAG File Processing Stats

File Path                          PID  Runtime      # DAGs    # Errors  Last Runtime    Last Run
-------------------------------  -----  ---------  --------  ----------  --------------  -------------------
/opt/airflow/dags/reddit_dag.py     30  0.00s             0           1  0.08s           2025-09-22T00:49:44
================================================================================
[2025-09-22T00:50:44.663+0000] {manager.py:887} INFO - 
================================================================================
DAG File Processing Stats

File Path                          PID  Runtime      # DAGs    # Errors  Last Runtime    Last Run
-------------------------------  -----  ---------  --------  ----------  --------------  -------------------
/opt/airflow/dags/reddit_dag.py     31  0.01s             0           1  0.06s           2025-09-22T00:50:14
================================================================================
[2025-09-22T00:51:14.882+0000] {manager.py:887} INFO - 
================================================================================
DAG File Processing Stats

File Path                          PID  Runtime      # DAGs    # Errors  Last Runtime    Last Run
-------------------------------  -----  ---------  --------  ----------  --------------  -------------------
/opt/airflow/dags/reddit_dag.py     32  0.02s             0           1  0.06s           2025-09-22T00:50:44
================================================================================
[2025-09-22T00:51:45.019+0000] {manager.py:887} INFO - 
================================================================================
DAG File Processing Stats

File Path                          PID  Runtime      # DAGs    # Errors  Last Runtime    Last Run
-------------------------------  -----  ---------  --------  ----------  --------------  -------------------
/opt/airflow/dags/reddit_dag.py     33  0.01s             0           1  0.05s           2025-09-22T00:51:14
================================================================================
[2025-09-22T00:52:15.167+0000] {manager.py:887} INFO - 
================================================================================
DAG File Processing Stats

File Path                          PID  Runtime      # DAGs    # Errors  Last Runtime    Last Run
-------------------------------  -----  ---------  --------  ----------  --------------  -------------------
/opt/airflow/dags/reddit_dag.py     34  0.02s             0           1  0.11s           2025-09-22T00:51:45
================================================================================
[2025-09-22T00:52:45.369+0000] {manager.py:887} INFO - 
================================================================================
DAG File Processing Stats

File Path                          PID  Runtime      # DAGs    # Errors  Last Runtime    Last Run
-------------------------------  -----  ---------  --------  ----------  --------------  -------------------
/opt/airflow/dags/reddit_dag.py     35  0.01s             0           1  0.13s           2025-09-22T00:52:15
================================================================================
[2025-09-22T00:53:15.594+0000] {manager.py:887} INFO - 
================================================================================
DAG File Processing Stats

File Path                        PID    Runtime      # DAGs    # Errors  Last Runtime    Last Run
-------------------------------  -----  ---------  --------  ----------  --------------  -------------------
/opt/airflow/dags/reddit_dag.py                           0           1  0.47s           2025-09-22T00:52:45
================================================================================
[2025-09-22T00:53:46.060+0000] {manager.py:887} INFO - 
================================================================================
DAG File Processing Stats

File Path                          PID  Runtime      # DAGs    # Errors  Last Runtime    Last Run
-------------------------------  -----  ---------  --------  ----------  --------------  -------------------
/opt/airflow/dags/reddit_dag.py     37  0.01s             0           1  0.08s           2025-09-22T00:53:16
================================================================================
[2025-09-22T00:54:16.252+0000] {manager.py:887} INFO - 
================================================================================
DAG File Processing Stats

File Path                          PID  Runtime      # DAGs    # Errors  Last Runtime    Last Run
-------------------------------  -----  ---------  --------  ----------  --------------  -------------------
/opt/airflow/dags/reddit_dag.py     38  0.00s             0           1  0.08s           2025-09-22T00:53:46
================================================================================
[2025-09-22T00:54:44.385+0000] {manager.py:755} INFO - Searching for files in /opt/airflow/dags
[2025-09-22T00:54:44.387+0000] {manager.py:758} INFO - There are 1 files in /opt/airflow/dags
[2025-09-22T00:54:46.417+0000] {manager.py:887} INFO - 
================================================================================
DAG File Processing Stats

File Path                          PID  Runtime      # DAGs    # Errors  Last Runtime    Last Run
-------------------------------  -----  ---------  --------  ----------  --------------  -------------------
/opt/airflow/dags/reddit_dag.py     39  0.01s             0           1  0.07s           2025-09-22T00:54:16
================================================================================
[2025-09-22T00:55:16.576+0000] {manager.py:887} INFO - 
================================================================================
DAG File Processing Stats

File Path                          PID  Runtime      # DAGs    # Errors  Last Runtime    Last Run
-------------------------------  -----  ---------  --------  ----------  --------------  -------------------
/opt/airflow/dags/reddit_dag.py     40  0.00s             0           1  0.08s           2025-09-22T00:54:46
================================================================================
[2025-09-22T00:55:46.768+0000] {manager.py:887} INFO - 
================================================================================
DAG File Processing Stats

File Path                          PID  Runtime      # DAGs    # Errors  Last Runtime    Last Run
-------------------------------  -----  ---------  --------  ----------  --------------  -------------------
/opt/airflow/dags/reddit_dag.py     41  0.00s             0           1  0.05s           2025-09-22T00:55:16
================================================================================
[2025-09-22T00:56:16.940+0000] {manager.py:887} INFO - 
================================================================================
DAG File Processing Stats

File Path                          PID  Runtime      # DAGs    # Errors  Last Runtime    Last Run
-------------------------------  -----  ---------  --------  ----------  --------------  -------------------
/opt/airflow/dags/reddit_dag.py     42  0.00s             0           1  0.05s           2025-09-22T00:55:46
================================================================================
[2025-09-22T00:56:47.106+0000] {manager.py:887} INFO - 
================================================================================
DAG File Processing Stats

File Path                          PID  Runtime      # DAGs    # Errors  Last Runtime    Last Run
-------------------------------  -----  ---------  --------  ----------  --------------  -------------------
/opt/airflow/dags/reddit_dag.py     43  0.00s             0           1  0.10s           2025-09-22T00:56:17
================================================================================
[2025-09-22T00:57:17.217+0000] {manager.py:887} INFO - 
================================================================================
DAG File Processing Stats

File Path                          PID  Runtime      # DAGs    # Errors  Last Runtime    Last Run
-------------------------------  -----  ---------  --------  ----------  --------------  -------------------
/opt/airflow/dags/reddit_dag.py     44  0.00s             0           1  0.04s           2025-09-22T00:56:47
================================================================================
[2025-09-22T00:57:47.372+0000] {manager.py:887} INFO - 
================================================================================
DAG File Processing Stats

File Path                          PID  Runtime      # DAGs    # Errors  Last Runtime    Last Run
-------------------------------  -----  ---------  --------  ----------  --------------  -------------------
/opt/airflow/dags/reddit_dag.py     45  0.00s             0           1  0.04s           2025-09-22T00:57:17
================================================================================
[2025-09-22T00:58:17.551+0000] {manager.py:887} INFO - 
================================================================================
DAG File Processing Stats

File Path                          PID  Runtime      # DAGs    # Errors  Last Runtime    Last Run
-------------------------------  -----  ---------  --------  ----------  --------------  -------------------
/opt/airflow/dags/reddit_dag.py     46  0.00s             0           1  0.04s           2025-09-22T00:57:47
================================================================================
[2025-09-22T00:58:47.740+0000] {manager.py:887} INFO - 
================================================================================
DAG File Processing Stats

File Path                          PID  Runtime      # DAGs    # Errors  Last Runtime    Last Run
-------------------------------  -----  ---------  --------  ----------  --------------  -------------------
/opt/airflow/dags/reddit_dag.py     47  0.00s             0           1  0.04s           2025-09-22T00:58:17
================================================================================
[2025-09-22T00:59:17.931+0000] {manager.py:887} INFO - 
================================================================================
DAG File Processing Stats

File Path                          PID  Runtime      # DAGs    # Errors  Last Runtime    Last Run
-------------------------------  -----  ---------  --------  ----------  --------------  -------------------
/opt/airflow/dags/reddit_dag.py     48  0.00s             0           1  0.04s           2025-09-22T00:58:47
================================================================================
[2025-09-22T00:59:45.074+0000] {manager.py:755} INFO - Searching for files in /opt/airflow/dags
[2025-09-22T00:59:45.075+0000] {manager.py:758} INFO - There are 1 files in /opt/airflow/dags
[2025-09-22T00:59:48.101+0000] {manager.py:887} INFO - 
================================================================================
DAG File Processing Stats

File Path                          PID  Runtime      # DAGs    # Errors  Last Runtime    Last Run
-------------------------------  -----  ---------  --------  ----------  --------------  -------------------
/opt/airflow/dags/reddit_dag.py     49  0.00s             0           1  0.04s           2025-09-22T00:59:17
================================================================================
[2025-09-22T01:00:18.293+0000] {manager.py:887} INFO - 
================================================================================
DAG File Processing Stats

File Path                          PID  Runtime      # DAGs    # Errors  Last Runtime    Last Run
-------------------------------  -----  ---------  --------  ----------  --------------  -------------------
/opt/airflow/dags/reddit_dag.py     50  0.00s             0           1  0.04s           2025-09-22T00:59:48
================================================================================
[2025-09-22T01:00:48.471+0000] {manager.py:887} INFO - 
================================================================================
DAG File Processing Stats

File Path                          PID  Runtime      # DAGs    # Errors  Last Runtime    Last Run
-------------------------------  -----  ---------  --------  ----------  --------------  -------------------
/opt/airflow/dags/reddit_dag.py     51  0.00s             0           1  0.04s           2025-09-22T01:00:18
================================================================================
[2025-09-22T01:01:18.607+0000] {manager.py:887} INFO - 
================================================================================
DAG File Processing Stats

File Path                          PID  Runtime      # DAGs    # Errors  Last Runtime    Last Run
-------------------------------  -----  ---------  --------  ----------  --------------  -------------------
/opt/airflow/dags/reddit_dag.py     52  0.00s             0           1  0.05s           2025-09-22T01:00:48
================================================================================
[2025-09-22T01:01:48.748+0000] {manager.py:887} INFO - 
================================================================================
DAG File Processing Stats

File Path                          PID  Runtime      # DAGs    # Errors  Last Runtime    Last Run
-------------------------------  -----  ---------  --------  ----------  --------------  -------------------
/opt/airflow/dags/reddit_dag.py     53  0.00s             0           1  0.04s           2025-09-22T01:01:18
================================================================================
[2025-09-22T01:02:18.885+0000] {manager.py:887} INFO - 
================================================================================
DAG File Processing Stats

File Path                          PID  Runtime      # DAGs    # Errors  Last Runtime    Last Run
-------------------------------  -----  ---------  --------  ----------  --------------  -------------------
/opt/airflow/dags/reddit_dag.py     54  0.00s             0           1  0.04s           2025-09-22T01:01:48
================================================================================
[2025-09-22T01:02:49.026+0000] {manager.py:887} INFO - 
================================================================================
DAG File Processing Stats

File Path                          PID  Runtime      # DAGs    # Errors  Last Runtime    Last Run
-------------------------------  -----  ---------  --------  ----------  --------------  -------------------
/opt/airflow/dags/reddit_dag.py     55  0.00s             0           1  0.05s           2025-09-22T01:02:18
================================================================================
[2025-09-22T01:03:19.164+0000] {manager.py:887} INFO - 
================================================================================
DAG File Processing Stats

File Path                          PID  Runtime      # DAGs    # Errors  Last Runtime    Last Run
-------------------------------  -----  ---------  --------  ----------  --------------  -------------------
/opt/airflow/dags/reddit_dag.py     56  0.00s             0           1  0.04s           2025-09-22T01:02:49
================================================================================
[2025-09-22T01:03:49.304+0000] {manager.py:887} INFO - 
================================================================================
DAG File Processing Stats

File Path                          PID  Runtime      # DAGs    # Errors  Last Runtime    Last Run
-------------------------------  -----  ---------  --------  ----------  --------------  -------------------
/opt/airflow/dags/reddit_dag.py     57  0.00s             0           1  0.04s           2025-09-22T01:03:19
================================================================================
[2025-09-22T01:04:19.446+0000] {manager.py:887} INFO - 
================================================================================
DAG File Processing Stats

File Path                          PID  Runtime      # DAGs    # Errors  Last Runtime    Last Run
-------------------------------  -----  ---------  --------  ----------  --------------  -------------------
/opt/airflow/dags/reddit_dag.py     58  0.00s             0           1  0.04s           2025-09-22T01:03:49
================================================================================
[2025-09-22T01:04:45.566+0000] {manager.py:755} INFO - Searching for files in /opt/airflow/dags
[2025-09-22T01:04:45.567+0000] {manager.py:758} INFO - There are 1 files in /opt/airflow/dags
[2025-09-22T01:04:49.600+0000] {manager.py:887} INFO - 
================================================================================
DAG File Processing Stats

File Path                          PID  Runtime      # DAGs    # Errors  Last Runtime    Last Run
-------------------------------  -----  ---------  --------  ----------  --------------  -------------------
/opt/airflow/dags/reddit_dag.py     59  0.00s             0           1  0.04s           2025-09-22T01:04:19
================================================================================
[2025-09-22T01:05:19.697+0000] {manager.py:887} INFO - 
================================================================================
DAG File Processing Stats

File Path                          PID  Runtime      # DAGs    # Errors  Last Runtime    Last Run
-------------------------------  -----  ---------  --------  ----------  --------------  -------------------
/opt/airflow/dags/reddit_dag.py     60  0.00s             0           1  0.05s           2025-09-22T01:04:49
================================================================================
[2025-09-22T01:05:49.840+0000] {manager.py:887} INFO - 
================================================================================
DAG File Processing Stats

File Path                          PID  Runtime      # DAGs    # Errors  Last Runtime    Last Run
-------------------------------  -----  ---------  --------  ----------  --------------  -------------------
/opt/airflow/dags/reddit_dag.py     61  0.00s             0           1  0.04s           2025-09-22T01:05:19
================================================================================
[2025-09-22T01:06:20.012+0000] {manager.py:887} INFO - 
================================================================================
DAG File Processing Stats

File Path                          PID  Runtime      # DAGs    # Errors  Last Runtime    Last Run
-------------------------------  -----  ---------  --------  ----------  --------------  -------------------
/opt/airflow/dags/reddit_dag.py     62  0.00s             0           1  0.05s           2025-09-22T01:05:49
================================================================================
[2025-09-22T01:06:50.167+0000] {manager.py:887} INFO - 
================================================================================
DAG File Processing Stats

File Path                          PID  Runtime      # DAGs    # Errors  Last Runtime    Last Run
-------------------------------  -----  ---------  --------  ----------  --------------  -------------------
/opt/airflow/dags/reddit_dag.py     63  0.00s             0           1  0.04s           2025-09-22T01:06:20
================================================================================
[2025-09-22T01:07:20.290+0000] {manager.py:887} INFO - 
================================================================================
DAG File Processing Stats

File Path                          PID  Runtime      # DAGs    # Errors  Last Runtime    Last Run
-------------------------------  -----  ---------  --------  ----------  --------------  -------------------
/opt/airflow/dags/reddit_dag.py     64  0.00s             0           1  0.05s           2025-09-22T01:06:50
================================================================================
[2025-09-22T01:07:50.483+0000] {manager.py:887} INFO - 
================================================================================
DAG File Processing Stats

File Path                          PID  Runtime      # DAGs    # Errors  Last Runtime    Last Run
-------------------------------  -----  ---------  --------  ----------  --------------  -------------------
/opt/airflow/dags/reddit_dag.py     65  0.00s             0           1  0.04s           2025-09-22T01:07:20
================================================================================
[2025-09-22T01:08:20.637+0000] {manager.py:887} INFO - 
================================================================================
DAG File Processing Stats

File Path                          PID  Runtime      # DAGs    # Errors  Last Runtime    Last Run
-------------------------------  -----  ---------  --------  ----------  --------------  -------------------
/opt/airflow/dags/reddit_dag.py     66  0.00s             0           1  0.04s           2025-09-22T01:07:50
================================================================================
[2025-09-22T01:08:50.821+0000] {manager.py:887} INFO - 
================================================================================
DAG File Processing Stats

File Path                          PID  Runtime      # DAGs    # Errors  Last Runtime    Last Run
-------------------------------  -----  ---------  --------  ----------  --------------  -------------------
/opt/airflow/dags/reddit_dag.py     67  0.00s             0           1  0.04s           2025-09-22T01:08:20
================================================================================
[2025-09-22T01:09:20.996+0000] {manager.py:887} INFO - 
================================================================================
DAG File Processing Stats

File Path                          PID  Runtime      # DAGs    # Errors  Last Runtime    Last Run
-------------------------------  -----  ---------  --------  ----------  --------------  -------------------
/opt/airflow/dags/reddit_dag.py     68  0.00s             0           1  0.04s           2025-09-22T01:08:50
================================================================================
[2025-09-22T01:09:46.115+0000] {manager.py:755} INFO - Searching for files in /opt/airflow/dags
[2025-09-22T01:09:46.116+0000] {manager.py:758} INFO - There are 1 files in /opt/airflow/dags
[2025-09-22T01:09:51.149+0000] {manager.py:887} INFO - 
================================================================================
DAG File Processing Stats

File Path                          PID  Runtime      # DAGs    # Errors  Last Runtime    Last Run
-------------------------------  -----  ---------  --------  ----------  --------------  -------------------
/opt/airflow/dags/reddit_dag.py     69  0.00s             0           1  0.04s           2025-09-22T01:09:21
================================================================================
[2025-09-22T01:10:21.316+0000] {manager.py:887} INFO - 
================================================================================
DAG File Processing Stats

File Path                          PID  Runtime      # DAGs    # Errors  Last Runtime    Last Run
-------------------------------  -----  ---------  --------  ----------  --------------  -------------------
/opt/airflow/dags/reddit_dag.py     70  0.00s             0           1  0.05s           2025-09-22T01:09:51
================================================================================
[2025-09-22T01:10:51.469+0000] {manager.py:887} INFO - 
================================================================================
DAG File Processing Stats

File Path                          PID  Runtime      # DAGs    # Errors  Last Runtime    Last Run
-------------------------------  -----  ---------  --------  ----------  --------------  -------------------
/opt/airflow/dags/reddit_dag.py     71  0.00s             0           1  0.05s           2025-09-22T01:10:21
================================================================================
[2025-09-22T01:11:21.607+0000] {manager.py:887} INFO - 
================================================================================
DAG File Processing Stats

File Path                          PID  Runtime      # DAGs    # Errors  Last Runtime    Last Run
-------------------------------  -----  ---------  --------  ----------  --------------  -------------------
/opt/airflow/dags/reddit_dag.py     72  0.00s             0           1  0.05s           2025-09-22T01:10:51
================================================================================
[2025-09-22T01:11:51.791+0000] {manager.py:887} INFO - 
================================================================================
DAG File Processing Stats

File Path                          PID  Runtime      # DAGs    # Errors  Last Runtime    Last Run
-------------------------------  -----  ---------  --------  ----------  --------------  -------------------
/opt/airflow/dags/reddit_dag.py     73  0.01s             0           1  0.04s           2025-09-22T01:11:21
================================================================================
